<?xml version="1.0" encoding="UTF-8"?>
<testsuite xmlns:xsi="http://www.w3.org/2001/XMLSchema-instance" xsi:noNamespaceSchemaLocation="https://maven.apache.org/surefire/maven-surefire-plugin/xsd/surefire-test-report.xsd" name="com.jotasantos.webservices.AppTest" time="0.021" tests="1" errors="0" skipped="0" failures="0">
  <properties>
    <property name="java.specification.version" value="17"/>
    <property name="sun.cpu.isalist" value="amd64"/>
    <property name="sun.jnu.encoding" value="Cp1252"/>
    <property name="java.class.path" value="C:\Users\MICRO\eclipse-workspace\webservices\target\test-classes;C:\Users\MICRO\eclipse-workspace\webservices\target\classes;C:\Users\MICRO\.m2\repository\junit\junit\4.11\junit-4.11.jar;C:\Users\MICRO\.m2\repository\org\hamcrest\hamcrest-core\1.3\hamcrest-core-1.3.jar;C:\Users\MICRO\.m2\repository\jakarta\xml\ws\jakarta.xml.ws-api\3.0.0\jakarta.xml.ws-api-3.0.0.jar;C:\Users\MICRO\.m2\repository\jakarta\xml\bind\jakarta.xml.bind-api\3.0.0\jakarta.xml.bind-api-3.0.0.jar;C:\Users\MICRO\.m2\repository\jakarta\xml\soap\jakarta.xml.soap-api\2.0.0\jakarta.xml.soap-api-2.0.0.jar;C:\Users\MICRO\.m2\repository\jakarta\jws\jakarta.jws-api\3.0.0\jakarta.jws-api-3.0.0.jar;C:\Users\MICRO\.m2\repository\com\sun\xml\ws\jaxws-rt\3.0.0\jaxws-rt-3.0.0.jar;C:\Users\MICRO\.m2\repository\com\sun\xml\bind\jaxb-impl\3.0.0\jaxb-impl-3.0.0.jar;C:\Users\MICRO\.m2\repository\com\sun\xml\bind\jaxb-core\3.0.0\jaxb-core-3.0.0.jar;C:\Users\MICRO\.m2\repository\org\glassfish\ha\ha-api\3.1.12\ha-api-3.1.12.jar;C:\Users\MICRO\.m2\repository\org\glassfish\external\management-api\3.2.3\management-api-3.2.3.jar;C:\Users\MICRO\.m2\repository\org\glassfish\gmbal\gmbal-api-only\4.0.2\gmbal-api-only-4.0.2.jar;C:\Users\MICRO\.m2\repository\org\jvnet\staxex\stax-ex\2.0.0\stax-ex-2.0.0.jar;C:\Users\MICRO\.m2\repository\com\sun\xml\stream\buffer\streambuffer\2.0.1\streambuffer-2.0.1.jar;C:\Users\MICRO\.m2\repository\org\jvnet\mimepull\mimepull\1.9.13\mimepull-1.9.13.jar;C:\Users\MICRO\.m2\repository\com\sun\xml\fastinfoset\FastInfoset\2.0.0\FastInfoset-2.0.0.jar;C:\Users\MICRO\.m2\repository\com\sun\mail\jakarta.mail\2.0.0\jakarta.mail-2.0.0.jar;C:\Users\MICRO\.m2\repository\com\sun\xml\messaging\saaj\saaj-impl\2.0.0\saaj-impl-2.0.0.jar;C:\Users\MICRO\.m2\repository\com\fasterxml\woodstox\woodstox-core\6.2.1\woodstox-core-6.2.1.jar;C:\Users\MICRO\.m2\repository\org\codehaus\woodstox\stax2-api\4.2.1\stax2-api-4.2.1.jar;C:\Users\MICRO\.m2\repository\com\sun\activation\jakarta.activation\2.0.0\jakarta.activation-2.0.0.jar;C:\Users\MICRO\.m2\repository\jakarta\annotation\jakarta.annotation-api\2.0.0\jakarta.annotation-api-2.0.0.jar;C:\Users\MICRO\.m2\repository\com\sun\xml\ws\jaxws-tools\3.0.0\jaxws-tools-3.0.0.jar;C:\Users\MICRO\.m2\repository\com\sun\xml\bind\jaxb-xjc\3.0.0\jaxb-xjc-3.0.0.jar;C:\Users\MICRO\.m2\repository\com\sun\xml\bind\jaxb-jxc\3.0.0\jaxb-jxc-3.0.0.jar;C:\Users\MICRO\.m2\repository\com\sun\xml\ws\jaxws-eclipselink-plugin\3.0.0\jaxws-eclipselink-plugin-3.0.0.jar;C:\Users\MICRO\.m2\repository\org\eclipse\persistence\org.eclipse.persistence.moxy\3.0.0-M2\org.eclipse.persistence.moxy-3.0.0-M2.jar;C:\Users\MICRO\.m2\repository\org\eclipse\persistence\org.eclipse.persistence.asm\3.0.0-M2\org.eclipse.persistence.asm-3.0.0-M2.jar;C:\Users\MICRO\.m2\repository\org\eclipse\persistence\org.eclipse.persistence.core\3.0.0-M2\org.eclipse.persistence.core-3.0.0-M2.jar;C:\Users\MICRO\.m2\repository\com\sun\xml\ws\sdo-eclipselink-plugin\3.0.0\sdo-eclipselink-plugin-3.0.0.jar;C:\Users\MICRO\.m2\repository\org\eclipse\persistence\org.eclipse.persistence.sdo\3.0.0-M2\org.eclipse.persistence.sdo-3.0.0-M2.jar;C:\Users\MICRO\.m2\repository\org\eclipse\persistence\commonj.sdo\2.1.1\commonj.sdo-2.1.1.jar;"/>
    <property name="java.vm.vendor" value="Eclipse Adoptium"/>
    <property name="sun.arch.data.model" value="64"/>
    <property name="user.variant" value=""/>
    <property name="java.vendor.url" value="https://adoptium.net/"/>
    <property name="user.timezone" value="America/Sao_Paulo"/>
    <property name="os.name" value="Windows 10"/>
    <property name="java.vm.specification.version" value="17"/>
    <property name="sun.java.launcher" value="SUN_STANDARD"/>
    <property name="user.country" value="BR"/>
    <property name="sun.boot.library.path" value="C:\Users\MICRO\.p2\pool\plugins\org.eclipse.justj.openjdk.hotspot.jre.full.win32.x86_64_17.0.6.v20230204-1729\jre\bin"/>
    <property name="sun.java.command" value="C:\Users\MICRO\AppData\Local\Temp\surefire4569858558551776699\surefirebooter4877566275225032114.jar C:\Users\MICRO\AppData\Local\Temp\surefire4569858558551776699 2023-04-13T13-59-26_513-jvmRun1 surefire11519492246650097161tmp surefire_09556638744584378459tmp"/>
    <property name="jdk.debug" value="release"/>
    <property name="surefire.test.class.path" value="C:\Users\MICRO\eclipse-workspace\webservices\target\test-classes;C:\Users\MICRO\eclipse-workspace\webservices\target\classes;C:\Users\MICRO\.m2\repository\junit\junit\4.11\junit-4.11.jar;C:\Users\MICRO\.m2\repository\org\hamcrest\hamcrest-core\1.3\hamcrest-core-1.3.jar;C:\Users\MICRO\.m2\repository\jakarta\xml\ws\jakarta.xml.ws-api\3.0.0\jakarta.xml.ws-api-3.0.0.jar;C:\Users\MICRO\.m2\repository\jakarta\xml\bind\jakarta.xml.bind-api\3.0.0\jakarta.xml.bind-api-3.0.0.jar;C:\Users\MICRO\.m2\repository\jakarta\xml\soap\jakarta.xml.soap-api\2.0.0\jakarta.xml.soap-api-2.0.0.jar;C:\Users\MICRO\.m2\repository\jakarta\jws\jakarta.jws-api\3.0.0\jakarta.jws-api-3.0.0.jar;C:\Users\MICRO\.m2\repository\com\sun\xml\ws\jaxws-rt\3.0.0\jaxws-rt-3.0.0.jar;C:\Users\MICRO\.m2\repository\com\sun\xml\bind\jaxb-impl\3.0.0\jaxb-impl-3.0.0.jar;C:\Users\MICRO\.m2\repository\com\sun\xml\bind\jaxb-core\3.0.0\jaxb-core-3.0.0.jar;C:\Users\MICRO\.m2\repository\org\glassfish\ha\ha-api\3.1.12\ha-api-3.1.12.jar;C:\Users\MICRO\.m2\repository\org\glassfish\external\management-api\3.2.3\management-api-3.2.3.jar;C:\Users\MICRO\.m2\repository\org\glassfish\gmbal\gmbal-api-only\4.0.2\gmbal-api-only-4.0.2.jar;C:\Users\MICRO\.m2\repository\org\jvnet\staxex\stax-ex\2.0.0\stax-ex-2.0.0.jar;C:\Users\MICRO\.m2\repository\com\sun\xml\stream\buffer\streambuffer\2.0.1\streambuffer-2.0.1.jar;C:\Users\MICRO\.m2\repository\org\jvnet\mimepull\mimepull\1.9.13\mimepull-1.9.13.jar;C:\Users\MICRO\.m2\repository\com\sun\xml\fastinfoset\FastInfoset\2.0.0\FastInfoset-2.0.0.jar;C:\Users\MICRO\.m2\repository\com\sun\mail\jakarta.mail\2.0.0\jakarta.mail-2.0.0.jar;C:\Users\MICRO\.m2\repository\com\sun\xml\messaging\saaj\saaj-impl\2.0.0\saaj-impl-2.0.0.jar;C:\Users\MICRO\.m2\repository\com\fasterxml\woodstox\woodstox-core\6.2.1\woodstox-core-6.2.1.jar;C:\Users\MICRO\.m2\repository\org\codehaus\woodstox\stax2-api\4.2.1\stax2-api-4.2.1.jar;C:\Users\MICRO\.m2\repository\com\sun\activation\jakarta.activation\2.0.0\jakarta.activation-2.0.0.jar;C:\Users\MICRO\.m2\repository\jakarta\annotation\jakarta.annotation-api\2.0.0\jakarta.annotation-api-2.0.0.jar;C:\Users\MICRO\.m2\repository\com\sun\xml\ws\jaxws-tools\3.0.0\jaxws-tools-3.0.0.jar;C:\Users\MICRO\.m2\repository\com\sun\xml\bind\jaxb-xjc\3.0.0\jaxb-xjc-3.0.0.jar;C:\Users\MICRO\.m2\repository\com\sun\xml\bind\jaxb-jxc\3.0.0\jaxb-jxc-3.0.0.jar;C:\Users\MICRO\.m2\repository\com\sun\xml\ws\jaxws-eclipselink-plugin\3.0.0\jaxws-eclipselink-plugin-3.0.0.jar;C:\Users\MICRO\.m2\repository\org\eclipse\persistence\org.eclipse.persistence.moxy\3.0.0-M2\org.eclipse.persistence.moxy-3.0.0-M2.jar;C:\Users\MICRO\.m2\repository\org\eclipse\persistence\org.eclipse.persistence.asm\3.0.0-M2\org.eclipse.persistence.asm-3.0.0-M2.jar;C:\Users\MICRO\.m2\repository\org\eclipse\persistence\org.eclipse.persistence.core\3.0.0-M2\org.eclipse.persistence.core-3.0.0-M2.jar;C:\Users\MICRO\.m2\repository\com\sun\xml\ws\sdo-eclipselink-plugin\3.0.0\sdo-eclipselink-plugin-3.0.0.jar;C:\Users\MICRO\.m2\repository\org\eclipse\persistence\org.eclipse.persistence.sdo\3.0.0-M2\org.eclipse.persistence.sdo-3.0.0-M2.jar;C:\Users\MICRO\.m2\repository\org\eclipse\persistence\commonj.sdo\2.1.1\commonj.sdo-2.1.1.jar;"/>
    <property name="sun.cpu.endian" value="little"/>
    <property name="user.home" value="C:\Users\MICRO"/>
    <property name="user.language" value="pt"/>
    <property name="java.specification.vendor" value="Oracle Corporation"/>
    <property name="java.version.date" value="2023-01-17"/>
    <property name="java.home" value="C:\Users\MICRO\.p2\pool\plugins\org.eclipse.justj.openjdk.hotspot.jre.full.win32.x86_64_17.0.6.v20230204-1729\jre"/>
    <property name="file.separator" value="\"/>
    <property name="style.color" value="always"/>
    <property name="basedir" value="C:\Users\MICRO\eclipse-workspace\webservices"/>
    <property name="java.vm.compressedOopsMode" value="Zero based"/>
    <property name="line.separator" value="&#10;"/>
    <property name="java.vm.specification.vendor" value="Oracle Corporation"/>
    <property name="java.specification.name" value="Java Platform API Specification"/>
    <property name="surefire.real.class.path" value="C:\Users\MICRO\AppData\Local\Temp\surefire4569858558551776699\surefirebooter4877566275225032114.jar"/>
    <property name="user.script" value=""/>
    <property name="sun.management.compiler" value="HotSpot 64-Bit Tiered Compilers"/>
    <property name="java.runtime.version" value="17.0.6+10"/>
    <property name="user.name" value="MICRO"/>
    <property name="path.separator" value=";"/>
    <property name="os.version" value="10.0"/>
    <property name="java.runtime.name" value="OpenJDK Runtime Environment"/>
    <property name="file.encoding" value="Cp1252"/>
    <property name="java.vm.name" value="OpenJDK 64-Bit Server VM"/>
    <property name="java.vendor.version" value="Temurin-17.0.6+10"/>
    <property name="localRepository" value="C:\Users\MICRO\.m2\repository"/>
    <property name="java.vendor.url.bug" value="https://github.com/adoptium/adoptium-support/issues"/>
    <property name="java.io.tmpdir" value="C:\Users\MICRO\AppData\Local\Temp\"/>
    <property name="java.version" value="17.0.6"/>
    <property name="user.dir" value="C:\Users\MICRO\eclipse-workspace\webservices"/>
    <property name="os.arch" value="amd64"/>
    <property name="java.vm.specification.name" value="Java Virtual Machine Specification"/>
    <property name="sun.os.patch.level" value=""/>
    <property name="native.encoding" value="Cp1252"/>
    <property name="java.library.path" value="C:\Users\MICRO\.p2\pool\plugins\org.eclipse.justj.openjdk.hotspot.jre.full.win32.x86_64_17.0.6.v20230204-1729\jre\bin;C:\Windows\Sun\Java\bin;C:\Windows\system32;C:\Windows;C:/Users/MICRO/.p2/pool/plugins/org.eclipse.justj.openjdk.hotspot.jre.full.win32.x86_64_17.0.6.v20230204-1729/jre/bin/server;C:/Users/MICRO/.p2/pool/plugins/org.eclipse.justj.openjdk.hotspot.jre.full.win32.x86_64_17.0.6.v20230204-1729/jre/bin;C:\Program Files (x86)\Common Files\Oracle\Java\javapath;C:\Program Files\Eclipse Adoptium\jre-8.0.322.6-hotspot\bin;C:\Windows\system32;C:\Windows;C:\Windows\System32\Wbem;C:\Windows\System32\WindowsPowerShell\v1.0\;C:\Windows\System32\OpenSSH\;C:\Program Files\Git\cmd;C:\Program Files\nodejs\;C:\Program Files\PuTTY\;C:\Program Files\MySQL\MySQL Shell 8.0\bin\;C:\Users\MICRO\AppData\Local\Microsoft\WindowsApps;C:\Users\MICRO\AppData\Local\Programs\Microsoft VS Code\bin;C:\Users\MICRO\AppData\Local\atom\bin;C:\Users\MICRO\AppData\Roaming\npm;C:\wamp64\bin\php\php7.4.33;;C:\Users\MICRO\AppData\Roaming\Microsoft\Windows\Start Menu\Programs\Eclipse;;."/>
    <property name="java.vm.info" value="mixed mode"/>
    <property name="java.vendor" value="Eclipse Adoptium"/>
    <property name="java.vm.version" value="17.0.6+10"/>
    <property name="sun.io.unicode.encoding" value="UnicodeLittle"/>
    <property name="java.class.version" value="61.0"/>
  </properties>
  <testcase name="shouldAnswerWithTrue" classname="com.jotasantos.webservices.AppTest" time="0.001"/>
</testsuite>